# JRE version: OpenJDK Runtime Environment Microsoft-8035246 (17.0.8+7) (build 17.0.8+7-LTS)
# Java VM: OpenJDK 64-Bit Server VM Microsoft-8035246 (17.0.8+7-LTS, mixed mode, sharing, tiered, compressed oops, compressed class ptrs, g1 gc, windows-amd64)
GC Precious Log:
 CPUs: 4 total, 4 available
 Memory: 8066M
 Large Page Support: Disabled
 NUMA Support: Disabled
 Compressed Oops: Enabled (32-bit)
 Heap Region Size: 1M
 Heap Min Capacity: 8M
 Heap Initial Capacity: 128M
 Heap Max Capacity: 2G
 Pre-touch: Disabled
 Parallel Workers: 4
 Concurrent Workers: 1
 Concurrent Refinement Workers: 4
 Periodic GC: Disabled
Heap:
 garbage-first heap   total 309248K, used 233976K [0x0000000080000000, 0x0000000100000000)
  region size 1024K, 57 young (58368K), 2 survivors (2048K)
 Metaspace       used 104685K, committed 105792K, reserved 557056K
  class space    used 14553K, committed 15104K, reserved 425984K
GC Heap History (20 events):
Event: 36.573 GC heap before
{Heap before GC invocations=43 (full 0):
 garbage-first heap   total 276480K, used 192136K [0x0000000080000000, 0x0000000100000000)
  region size 1024K, 98 young (100352K), 1 survivors (1024K)
 Metaspace       used 87496K, committed 88256K, reserved 557056K
  class space    used 12270K, committed 12608K, reserved 425984K
}
Event: 36.581 GC heap after
{Heap after GC invocations=44 (full 0):
 garbage-first heap   total 276480K, used 96172K [0x0000000080000000, 0x0000000100000000)
  region size 1024K, 5 young (5120K), 5 survivors (5120K)
 Metaspace       used 87496K, committed 88256K, reserved 557056K
  class space    used 12270K, committed 12608K, reserved 425984K
}
Event: 38.538 GC heap before
{Heap before GC invocations=44 (full 0):
 garbage-first heap   total 276480K, used 201644K [0x0000000080000000, 0x0000000100000000)
  region size 1024K, 106 young (108544K), 5 survivors (5120K)
 Metaspace       used 91875K, committed 92672K, reserved 557056K
  class space    used 12835K, committed 13248K, reserved 425984K
}
Event: 38.561 GC heap after
{Heap after GC invocations=45 (full 0):
 garbage-first heap   total 276480K, used 107579K [0x0000000080000000, 0x0000000100000000)
  region size 1024K, 14 young (14336K), 14 survivors (14336K)
 Metaspace       used 91875K, committed 92672K, reserved 557056K
  class space    used 12835K, committed 13248K, reserved 425984K
}
Event: 40.942 GC heap before
{Heap before GC invocations=45 (full 0):
 garbage-first heap   total 276480K, used 212027K [0x0000000080000000, 0x0000000100000000)
  region size 1024K, 112 young (114688K), 14 survivors (14336K)
 Metaspace       used 95473K, committed 96448K, reserved 557056K
  class space    used 13344K, committed 13824K, reserved 425984K
}
Event: 40.991 GC heap after
{Heap after GC invocations=46 (full 0):
 garbage-first heap   total 276480K, used 132551K [0x0000000080000000, 0x0000000100000000)
  region size 1024K, 14 young (14336K), 14 survivors (14336K)
 Metaspace       used 95473K, committed 96448K, reserved 557056K
  class space    used 13344K, committed 13824K, reserved 425984K
}
Event: 42.711 GC heap before
{Heap before GC invocations=46 (full 0):
 garbage-first heap   total 276480K, used 214471K [0x0000000080000000, 0x0000000100000000)
  region size 1024K, 91 young (93184K), 14 survivors (14336K)
 Metaspace       used 96664K, committed 97664K, reserved 557056K
  class space    used 13478K, committed 13952K, reserved 425984K
}
Event: 42.742 GC heap after
{Heap after GC invocations=47 (full 0):
 garbage-first heap   total 276480K, used 152064K [0x0000000080000000, 0x0000000100000000)
  region size 1024K, 12 young (12288K), 12 survivors (12288K)
 Metaspace       used 96664K, committed 97664K, reserved 557056K
  class space    used 13478K, committed 13952K, reserved 425984K
}
Event: 43.901 GC heap before
{Heap before GC invocations=47 (full 0):
 garbage-first heap   total 276480K, used 214528K [0x0000000080000000, 0x0000000100000000)
  region size 1024K, 73 young (74752K), 12 survivors (12288K)
 Metaspace       used 101229K, committed 102272K, reserved 557056K
  class space    used 14142K, committed 14656K, reserved 425984K
}
Event: 43.929 GC heap after
{Heap after GC invocations=48 (full 0):
 garbage-first heap   total 276480K, used 157696K [0x0000000080000000, 0x0000000100000000)
  region size 1024K, 4 young (4096K), 4 survivors (4096K)
 Metaspace       used 101229K, committed 102272K, reserved 557056K
  class space    used 14142K, committed 14656K, reserved 425984K
}
Event: 45.124 GC heap before
{Heap before GC invocations=49 (full 0):
 garbage-first heap   total 290816K, used 219136K [0x0000000080000000, 0x0000000100000000)
  region size 1024K, 64 young (65536K), 4 survivors (4096K)
 Metaspace       used 102855K, committed 103936K, reserved 557056K
  class space    used 14347K, committed 14848K, reserved 425984K
}
Event: 45.153 GC heap after
{Heap after GC invocations=50 (full 0):
 garbage-first heap   total 290816K, used 165376K [0x0000000080000000, 0x0000000100000000)
  region size 1024K, 8 young (8192K), 8 survivors (8192K)
 Metaspace       used 102855K, committed 103936K, reserved 557056K
  class space    used 14347K, committed 14848K, reserved 425984K
}
Event: 45.248 GC heap before
{Heap before GC invocations=50 (full 0):
 garbage-first heap   total 290816K, used 171520K [0x0000000080000000, 0x0000000100000000)
  region size 1024K, 14 young (14336K), 8 survivors (8192K)
 Metaspace       used 102885K, committed 103936K, reserved 557056K
  class space    used 14348K, committed 14848K, reserved 425984K
}
Event: 45.268 GC heap after
{Heap after GC invocations=51 (full 0):
 garbage-first heap   total 290816K, used 166689K [0x0000000080000000, 0x0000000100000000)
  region size 1024K, 2 young (2048K), 2 survivors (2048K)
 Metaspace       used 102885K, committed 103936K, reserved 557056K
  class space    used 14348K, committed 14848K, reserved 425984K
}
Event: 46.271 GC heap before
{Heap before GC invocations=51 (full 0):
 garbage-first heap   total 290816K, used 231201K [0x0000000080000000, 0x0000000100000000)
  region size 1024K, 66 young (67584K), 2 survivors (2048K)
 Metaspace       used 103967K, committed 105024K, reserved 557056K
  class space    used 14494K, committed 15040K, reserved 425984K
}
Event: 46.290 GC heap after
{Heap after GC invocations=52 (full 0):
 garbage-first heap   total 290816K, used 172463K [0x0000000080000000, 0x0000000100000000)
  region size 1024K, 7 young (7168K), 7 survivors (7168K)
 Metaspace       used 103967K, committed 105024K, reserved 557056K
  class space    used 14494K, committed 15040K, reserved 425984K
}
Event: 48.195 GC heap before
{Heap before GC invocations=53 (full 0):
 garbage-first heap   total 309248K, used 232879K [0x0000000080000000, 0x0000000100000000)
  region size 1024K, 67 young (68608K), 7 survivors (7168K)
 Metaspace       used 104599K, committed 105728K, reserved 557056K
  class space    used 14548K, committed 15104K, reserved 425984K
}
Event: 48.211 GC heap after
{Heap after GC invocations=54 (full 0):
 garbage-first heap   total 309248K, used 174494K [0x0000000080000000, 0x0000000100000000)
  region size 1024K, 3 young (3072K), 3 survivors (3072K)
 Metaspace       used 104599K, committed 105728K, reserved 557056K
  class space    used 14548K, committed 15104K, reserved 425984K
}
Event: 48.508 GC heap before
{Heap before GC invocations=54 (full 0):
 garbage-first heap   total 309248K, used 186782K [0x0000000080000000, 0x0000000100000000)
  region size 1024K, 15 young (15360K), 3 survivors (3072K)
 Metaspace       used 104677K, committed 105792K, reserved 557056K
  class space    used 14553K, committed 15104K, reserved 425984K
}
Event: 48.518 GC heap after
{Heap after GC invocations=55 (full 0):
 garbage-first heap   total 309248K, used 175608K [0x0000000080000000, 0x0000000100000000)
  region size 1024K, 2 young (2048K), 2 survivors (2048K)
 Metaspace       used 104677K, committed 105792K, reserved 557056K
  class space    used 14553K, committed 15104K, reserved 425984K
}

